#
# A fatal error has been detected by the Java Runtime Environment:
#
#  SIGSEGV (0xb) at pc=0x00007f449cac27d6, pid=31976, tid=32042
#
# JRE version: OpenJDK Runtime Environment (17.0.8.1+1) (build 17.0.8.1+1-Ubuntu-0ubuntu122.04)
# Java VM: OpenJDK 64-Bit Server VM (17.0.8.1+1-Ubuntu-0ubuntu122.04, mixed mode, sharing, tiered, compressed oops, compressed class ptrs, g1 gc, linux-amd64)
# Problematic frame:
# C  [libnvwgf2umx.so+0x2c9e7d6]
#
# No core dump will be written. Core dumps have been disabled. To enable core dumping, try "ulimit -c unlimited" before starting Java again
#
# If you would like to submit a bug report, please visit:
#   Unknown
#

---------------  S U M M A R Y ------------

Command Line: -Dclassworlds.conf=/usr/share/maven/bin/m2.conf -Dmaven.home=/usr/share/maven -Dlibrary.jansi.path=/usr/share/maven/lib/jansi-native -Dmaven.multiModuleProjectDirectory=/home/chumbinha/UFRGS/TCP/trabfinaletapa3/TrabalhoTCP-Etapa3 org.codehaus.plexus.classworlds.launcher.Launcher exec:java

Host: Intel(R) Core(TM) i5-4690 CPU @ 3.50GHz, 4 cores, 5G, Ubuntu 22.04.2 LTS
Time: Mon Sep  4 21:07:15 2023 -03 elapsed time: 83.935674 seconds (0d 0h 1m 23s)

---------------  T H R E A D  ---------------

Current thread is native thread

Stack: [0x00007f44994ea000,0x00007f4499ce9000],  sp=0x00007f4499ce7da0,  free space=8183k
Native frames: (J=compiled Java code, j=interpreted, Vv=VM code, C=native code)
C  [libnvwgf2umx.so+0x2c9e7d6]


siginfo: si_signo: 11 (SIGSEGV), si_code: 1 (SEGV_MAPERR), si_addr: 0x00007f4499ce9000

Registers:
RAX=0x000000000000000d, RBX=0x00007f44ac1c4ee0, RCX=0x00007f44ac1c6301, RDX=0x00007f4499ce7db0
RSP=0x00007f4499ce7da0, RBP=0x0000000000000000, RSI=0x00007f44ac1c4ee0, RDI=0x00007f44ac14c0c0
R8 =0x00007f44ac14c0c0, R9 =0x00007ffe23cd8080, R10=0x00000000001ff574, R11=0x6ac88f1d50a8d15c
R12=0x00007f4499ce7e07, R13=0x0000000000000000, R14=0x00007f4499ce9000, R15=0x0000000000000000
RIP=0x00007f449cac27d6, EFLAGS=0x0000000000010246, CSGSFS=0x002b000000000033, ERR=0x0000000000000004
  TRAPNO=0x000000000000000e

Top of Stack: (sp=0x00007f4499ce7da0)
0x00007f4499ce7da0:   00007f44ac14c0c0 ac1c6301ac14c1c8
0x00007f4499ce7db0:   0000000000000001 00007f4499ce7db0
0x00007f4499ce7dc0:   00007f4499ce7e07 00007f44ac14c0c0
0x00007f4499ce7dd0:   00007f44ac1c4ee0 00007f4499ce7e07 

Instructions: (pc=0x00007f449cac27d6)
0x00007f449cac26d6:   8d 7c 24 30 e8 91 ed 8b fe 4c 89 ff e8 89 ed 8b
0x00007f449cac26e6:   fe 48 8b 44 24 38 48 81 c4 88 00 00 00 5b 41 5c
0x00007f449cac26f6:   41 5d 41 5e 41 5f 5d c3 eb 0a eb 37 eb 35 eb 44
0x00007f449cac2706:   eb 02 eb 2f 48 89 c3 48 8d 7c 24 30 e8 59 ed 8b
0x00007f449cac2716:   fe eb 23 eb 1e 48 89 c3 48 8d 7c 24 30 e8 48 ed
0x00007f449cac2726:   8b fe eb 03 48 89 c3 48 8d 7c 24 48 e8 39 ed 8b
0x00007f449cac2736:   fe eb 03 48 89 c3 48 8d 7c 24 40 e8 2a ed 8b fe
0x00007f449cac2746:   eb 05 eb 00 48 89 c3 48 8b 7c 24 38 e8 19 ed 8b
0x00007f449cac2756:   fe 48 89 df e8 11 22 75 fe cc 55 41 57 41 56 41
0x00007f449cac2766:   55 41 54 53 48 83 ec 28 f6 47 28 10 0f 84 53 01
0x00007f449cac2776:   00 00 48 89 f3 8b 46 10 85 c0 0f 84 45 01 00 00
0x00007f449cac2786:   49 89 d4 49 89 f8 4c 8b 73 28 b1 01 89 4c 24 0c
0x00007f449cac2796:   45 31 ff 48 8d 54 24 10 45 31 ed 4c 89 64 24 20
0x00007f449cac27a6:   48 89 3c 24 48 89 54 24 18 eb 25 90 90 90 90 90
0x00007f449cac27b6:   90 90 90 90 90 90 90 90 90 90 8b 43 10 49 83 c5
0x00007f449cac27c6:   01 89 c1 41 83 c7 01 49 39 cd 0f 83 f5 00 00 00
0x00007f449cac27d6:   43 8b 0c ae 0f b7 c9 42 3b 8c ab 4c 04 00 00 74
0x00007f449cac27e6:   dc 42 89 8c ab 4c 04 00 00 8b 4b 0c 85 c9 74 cd
0x00007f449cac27f6:   31 ed eb 1e 8b 73 04 4c 89 c7 44 89 ea 89 e9 e8
0x00007f449cac2806:   96 3b 03 00 4c 8b 04 24 83 c5 01 8b 4b 0c 39 cd
0x00007f449cac2816:   73 a8 41 0f af cf 01 e9 41 0f b6 84 0e 80 90 00
0x00007f449cac2826:   00 24 7f 8d 50 e0 80 fa 14 77 dd 48 8b 93 50 08
0x00007f449cac2836:   00 00 3a 04 0a 74 d1 88 04 0a 41 c6 04 24 01 41
0x00007f449cac2846:   80 78 2d 00 75 ae f6 44 24 0c 01 75 09 41 f6 40
0x00007f449cac2856:   28 20 75 b4 eb 33 4c 8d 64 24 10 4c 89 e7 4c 89
0x00007f449cac2866:   c6 48 89 da e8 01 2a 03 00 48 8b 3c 24 4c 89 e6
0x00007f449cac2876:   e8 75 e0 ff ff 4c 89 e7 e8 ed eb 8b fe c7 44 24
0x00007f449cac2886:   0c 00 00 00 00 4c 8b 04 24 8b 53 04 45 0f b6 48
0x00007f449cac2896:   2c 4c 8d 64 24 10 4c 89 e7 4c 89 c6 44 89 e9 41
0x00007f449cac28a6:   89 e8 e8 e3 29 03 00 48 8b 3c 24 4c 89 e6 e8 37
0x00007f449cac28b6:   e0 ff ff 4c 89 e7 e8 af eb 8b fe 4c 8b 64 24 20
0x00007f449cac28c6:   e9 3f ff ff ff 48 83 c4 28 5b 41 5c 41 5d 41 5e 



---------------  P R O C E S S  ---------------

VM state: at safepoint (shutting down)

VM Mutex/Monitor currently owned by a thread:  ([mutex/lock_event])
[0x00007f456c0114d0] Threads_lock - owner thread: 0x00007f456c0e81e0
[0x00007f456c011c80] Heap_lock - owner thread: 0x00007f456c014310

Heap address: 0x00000000a3e00000, size: 1474 MB, Compressed Oops mode: 32-bit

CDS archive(s) mapped at: [0x00007f44fb000000-0x00007f44fbbeb000-0x00007f44fbbeb000), size 12496896, SharedBaseAddress: 0x00007f44fb000000, ArchiveRelocationMode: 1.
Compressed class space mapped at: 0x00007f44fc000000-0x00007f453c000000, reserved size: 1073741824
Narrow klass base: 0x00007f44fb000000, Narrow klass shift: 0, Narrow klass range: 0x100000000

GC Precious Log:
<Skipped>

Heap:
 garbage-first heap   total 58368K, used 30974K [0x00000000a3e00000, 0x0000000100000000)
  region size 1024K, 7 young (7168K), 1 survivors (1024K)
 Metaspace       used 27465K, committed 27776K, reserved 1114112K
  class space    used 3815K, committed 3968K, reserved 1048576K

Heap Regions: E=young(eden), S=young(survivor), O=old, HS=humongous(starts), HC=humongous(continues), CS=collection set, F=free, OA=open archive, CA=closed archive, TAMS=top-at-mark-start (previous, next)
|   0|0x00000000a3e00000, 0x00000000a3f00000, 0x00000000a3f00000|100%| O|  |TAMS 0x00000000a3f00000, 0x00000000a3f00000| Untracked 
|   1|0x00000000a3f00000, 0x00000000a4000000, 0x00000000a4000000|100%| O|  |TAMS 0x00000000a4000000, 0x00000000a4000000| Untracked 
|   2|0x00000000a4000000, 0x00000000a4100000, 0x00000000a4100000|100%| O|  |TAMS 0x00000000a4100000, 0x00000000a4100000| Untracked 
|   3|0x00000000a4100000, 0x00000000a4200000, 0x00000000a4200000|100%| O|  |TAMS 0x00000000a4200000, 0x00000000a4200000| Untracked 
|   4|0x00000000a4200000, 0x00000000a4300000, 0x00000000a4300000|100%| O|  |TAMS 0x00000000a4300000, 0x00000000a4300000| Untracked 
|   5|0x00000000a4300000, 0x00000000a4400000, 0x00000000a4400000|100%| O|  |TAMS 0x00000000a4400000, 0x00000000a4400000| Untracked 
|   6|0x00000000a4400000, 0x00000000a4500000, 0x00000000a4500000|100%| O|  |TAMS 0x00000000a4500000, 0x00000000a4500000| Untracked 
|   7|0x00000000a4500000, 0x00000000a45be408, 0x00000000a4600000| 74%| O|  |TAMS 0x00000000a45be408, 0x00000000a45be408| Untracked 
|   8|0x00000000a4600000, 0x00000000a4700000, 0x00000000a4700000|100%|HS|  |TAMS 0x00000000a4700000, 0x00000000a4700000| Complete 
|   9|0x00000000a4700000, 0x00000000a4800000, 0x00000000a4800000|100%|HC|  |TAMS 0x00000000a4800000, 0x00000000a4800000| Complete 
|  10|0x00000000a4800000, 0x00000000a4900000, 0x00000000a4900000|100%|HC|  |TAMS 0x00000000a4900000, 0x00000000a4900000| Complete 
|  11|0x00000000a4900000, 0x00000000a4a00000, 0x00000000a4a00000|100%|HC|  |TAMS 0x00000000a4a00000, 0x00000000a4a00000| Complete 
|  12|0x00000000a4a00000, 0x00000000a4b00000, 0x00000000a4b00000|100%|HC|  |TAMS 0x00000000a4b00000, 0x00000000a4b00000| Complete 
|  13|0x00000000a4b00000, 0x00000000a4c00000, 0x00000000a4c00000|100%|HC|  |TAMS 0x00000000a4c00000, 0x00000000a4c00000| Complete 
|  14|0x00000000a4c00000, 0x00000000a4d00000, 0x00000000a4d00000|100%|HC|  |TAMS 0x00000000a4d00000, 0x00000000a4d00000| Complete 
|  15|0x00000000a4d00000, 0x00000000a4e00000, 0x00000000a4e00000|100%|HC|  |TAMS 0x00000000a4e00000, 0x00000000a4e00000| Complete 
|  16|0x00000000a4e00000, 0x00000000a4f00000, 0x00000000a4f00000|100%|HC|  |TAMS 0x00000000a4f00000, 0x00000000a4f00000| Complete 
|  17|0x00000000a4f00000, 0x00000000a5000000, 0x00000000a5000000|100%| O|  |TAMS 0x00000000a4f00000, 0x00000000a5000000| Untracked 
|  18|0x00000000a5000000, 0x00000000a5100000, 0x00000000a5100000|100%| O|  |TAMS 0x00000000a5100000, 0x00000000a5100000| Untracked 
|  19|0x00000000a5100000, 0x00000000a5200000, 0x00000000a5200000|100%| O|  |TAMS 0x00000000a5200000, 0x00000000a5200000| Untracked 
|  20|0x00000000a5200000, 0x00000000a5300000, 0x00000000a5300000|100%| O|  |TAMS 0x00000000a52e1a00, 0x00000000a5300000| Untracked 
|  21|0x00000000a5300000, 0x00000000a539fa00, 0x00000000a5400000| 62%| O|  |TAMS 0x00000000a5300000, 0x00000000a539fa00| Untracked 
|  22|0x00000000a5400000, 0x00000000a5500000, 0x00000000a5500000|100%|HS|  |TAMS 0x00000000a5400000, 0x00000000a5500000| Complete 
|  23|0x00000000a5500000, 0x00000000a5600000, 0x00000000a5600000|100%|HS|  |TAMS 0x00000000a5500000, 0x00000000a5500000| Complete 
|  24|0x00000000a5600000, 0x00000000a5600000, 0x00000000a5700000|  0%| F|  |TAMS 0x00000000a5600000, 0x00000000a5600000| Untracked 
|  25|0x00000000a5700000, 0x00000000a5700000, 0x00000000a5800000|  0%| F|  |TAMS 0x00000000a5700000, 0x00000000a5700000| Untracked 
|  26|0x00000000a5800000, 0x00000000a5800000, 0x00000000a5900000|  0%| F|  |TAMS 0x00000000a5800000, 0x00000000a5800000| Untracked 
|  27|0x00000000a5900000, 0x00000000a5900000, 0x00000000a5a00000|  0%| F|  |TAMS 0x00000000a5900000, 0x00000000a5900000| Untracked 
|  28|0x00000000a5a00000, 0x00000000a5a00000, 0x00000000a5b00000|  0%| F|  |TAMS 0x00000000a5a00000, 0x00000000a5a00000| Untracked 
|  29|0x00000000a5b00000, 0x00000000a5b00000, 0x00000000a5c00000|  0%| F|  |TAMS 0x00000000a5b00000, 0x00000000a5b00000| Untracked 
|  30|0x00000000a5c00000, 0x00000000a5c00000, 0x00000000a5d00000|  0%| F|  |TAMS 0x00000000a5c00000, 0x00000000a5c00000| Untracked 
|  31|0x00000000a5d00000, 0x00000000a5d00000, 0x00000000a5e00000|  0%| F|  |TAMS 0x00000000a5d00000, 0x00000000a5d00000| Untracked 
|  32|0x00000000a5e00000, 0x00000000a5e00000, 0x00000000a5f00000|  0%| F|  |TAMS 0x00000000a5e00000, 0x00000000a5e00000| Untracked 
|  33|0x00000000a5f00000, 0x00000000a5f00000, 0x00000000a6000000|  0%| F|  |TAMS 0x00000000a5f00000, 0x00000000a5f00000| Untracked 
|  34|0x00000000a6000000, 0x00000000a6000000, 0x00000000a6100000|  0%| F|  |TAMS 0x00000000a6000000, 0x00000000a6000000| Untracked 
|  35|0x00000000a6100000, 0x00000000a6100000, 0x00000000a6200000|  0%| F|  |TAMS 0x00000000a6100000, 0x00000000a6100000| Untracked 
|  36|0x00000000a6200000, 0x00000000a6200000, 0x00000000a6300000|  0%| F|  |TAMS 0x00000000a6200000, 0x00000000a6200000| Untracked 
|  37|0x00000000a6300000, 0x00000000a6300000, 0x00000000a6400000|  0%| F|  |TAMS 0x00000000a6300000, 0x00000000a6300000| Untracked 
|  38|0x00000000a6400000, 0x00000000a6400000, 0x00000000a6500000|  0%| F|  |TAMS 0x00000000a6400000, 0x00000000a6400000| Untracked 
|  39|0x00000000a6500000, 0x00000000a6500000, 0x00000000a6600000|  0%| F|  |TAMS 0x00000000a6500000, 0x00000000a6500000| Untracked 
|  40|0x00000000a6600000, 0x00000000a6600000, 0x00000000a6700000|  0%| F|  |TAMS 0x00000000a6600000, 0x00000000a6600000| Untracked 
|  41|0x00000000a6700000, 0x00000000a6700000, 0x00000000a6800000|  0%| F|  |TAMS 0x00000000a6700000, 0x00000000a6700000| Untracked 
|  42|0x00000000a6800000, 0x00000000a6800000, 0x00000000a6900000|  0%| F|  |TAMS 0x00000000a6800000, 0x00000000a6800000| Untracked 
|  43|0x00000000a6900000, 0x00000000a6900000, 0x00000000a6a00000|  0%| F|  |TAMS 0x00000000a6900000, 0x00000000a6900000| Untracked 
|  44|0x00000000a6a00000, 0x00000000a6a00000, 0x00000000a6b00000|  0%| F|  |TAMS 0x00000000a6a00000, 0x00000000a6a00000| Untracked 
|  45|0x00000000a6b00000, 0x00000000a6b00000, 0x00000000a6c00000|  0%| F|  |TAMS 0x00000000a6b00000, 0x00000000a6b00000| Untracked 
|  46|0x00000000a6c00000, 0x00000000a6c00000, 0x00000000a6d00000|  0%| F|  |TAMS 0x00000000a6c00000, 0x00000000a6c00000| Untracked 
|  47|0x00000000a6d00000, 0x00000000a6d00000, 0x00000000a6e00000|  0%| F|  |TAMS 0x00000000a6d00000, 0x00000000a6d00000| Untracked 
|  48|0x00000000a6e00000, 0x00000000a6ebb268, 0x00000000a6f00000| 73%| E|  |TAMS 0x00000000a6e00000, 0x00000000a6e00000| Complete 
|  49|0x00000000a6f00000, 0x00000000a7000000, 0x00000000a7000000|100%| E|CS|TAMS 0x00000000a6f00000, 0x00000000a6f00000| Complete 
|  50|0x00000000a7000000, 0x00000000a7100000, 0x00000000a7100000|100%| E|CS|TAMS 0x00000000a7000000, 0x00000000a7000000| Complete 
|  73|0x00000000a8700000, 0x00000000a8800000, 0x00000000a8800000|100%| E|CS|TAMS 0x00000000a8700000, 0x00000000a8700000| Complete 
|  74|0x00000000a8800000, 0x00000000a88e6d50, 0x00000000a8900000| 90%| S|CS|TAMS 0x00000000a8800000, 0x00000000a8800000| Complete 
|  75|0x00000000a8900000, 0x00000000a8a00000, 0x00000000a8a00000|100%| E|CS|TAMS 0x00000000a8900000, 0x00000000a8900000| Complete 
|  93|0x00000000a9b00000, 0x00000000a9c00000, 0x00000000a9c00000|100%| E|CS|TAMS 0x00000000a9b00000, 0x00000000a9b00000| Complete 
|1472|0x00000000ffe00000, 0x00000000ffe77000, 0x00000000fff00000| 46%|OA|  |TAMS 0x00000000ffe77000, 0x00000000ffe77000| Untracked 
|1473|0x00000000fff00000, 0x00000000fff84000, 0x0000000100000000| 51%|CA|  |TAMS 0x00000000fff84000, 0x00000000fff84000| Untracked 

Card table byte_map: [0x00007f45710a9000,0x00007f457138a000] _byte_map_base: 0x00007f4570b8a000

Marking Bits (Prev, Next): (CMBitMap*) 0x00007f456c05fce0, (CMBitMap*) 0x00007f456c05fd20
 Prev Bits: [0x00007f4553e9d000, 0x00007f45555a5000)
 Next Bits: [0x00007f4552795000, 0x00007f4553e9d000)

Polling page: 0x00007f45736bb000

Metaspace:

Usage:
  Non-class:     23.10 MB used.
      Class:      3.73 MB used.
       Both:     26.82 MB used.

Virtual space:
  Non-class space:       64.00 MB reserved,      23.25 MB ( 36%) committed,  1 nodes.
      Class space:        1.00 GB reserved,       3.88 MB ( <1%) committed,  1 nodes.
             Both:        1.06 GB reserved,      27.12 MB (  2%) committed. 

Chunk freelists:
   Non-Class:  8.03 MB
       Class:  12.13 MB
        Both:  20.16 MB

MaxMetaspaceSize: unlimited
CompressedClassSpaceSize: 1.00 GB
Initial GC threshold: 21.00 MB
Current GC threshold: 43.38 MB
CDS: on
MetaspaceReclaimPolicy: balanced
 - commit_granule_bytes: 65536.
 - commit_granule_words: 8192.
 - virtual_space_node_default_size: 8388608.
 - enlarge_chunks_in_place: 1.
 - new_chunks_are_fully_committed: 0.
 - uncommit_free_chunks: 1.
 - use_allocation_guard: 0.
 - handle_deallocations: 1.


Internal statistics:

num_allocs_failed_limit: 3.
num_arena_births: 262.
num_arena_deaths: 0.
num_vsnodes_births: 2.
num_vsnodes_deaths: 0.
num_space_committed: 434.
num_space_uncommitted: 0.
num_chunks_returned_to_freelist: 3.
num_chunks_taken_from_freelist: 1230.
num_chunk_merges: 3.
num_chunk_splits: 881.
num_chunks_enlarged: 704.
num_inconsistent_stats: 0.

CodeHeap 'non-profiled nmethods': size=120032Kb used=2153Kb max_used=2153Kb free=117878Kb
 bounds [0x00007f455d06d000, 0x00007f455d2dd000, 0x00007f45645a5000]
CodeHeap 'profiled nmethods': size=120028Kb used=10133Kb max_used=10133Kb free=109894Kb
 bounds [0x00007f45555a5000, 0x00007f4555f95000, 0x00007f455cadc000]
CodeHeap 'non-nmethods': size=5700Kb used=1394Kb max_used=1430Kb free=4305Kb
 bounds [0x00007f455cadc000, 0x00007f455cd4c000, 0x00007f455d06d000]
 total_blobs=5739 nmethods=4988 adapters=662
 compilation: enabled
              stopped_count=0, restarted_count=0
 full_count=0

Compilation events (20 events):
Event: 83.903 Thread 0x00007f456c0fac30 4979       3       jdk.internal.org.objectweb.asm.ClassReader::readShort (27 bytes)
Event: 83.903 Thread 0x00007f456c0fac30 nmethod 4979 0x00007f4555f82510 code [0x00007f4555f826c0, 0x00007f4555f82830]
Event: 83.903 Thread 0x00007f456c0fac30 4980       3       jdk.internal.org.objectweb.asm.ClassReader::readConst (276 bytes)
Event: 83.904 Thread 0x00007f456c0fac30 nmethod 4980 0x00007f4555f82910 code [0x00007f4555f82da0, 0x00007f4555f84af0]
Event: 83.904 Thread 0x00007f456c0fac30 4981       3       jdk.internal.org.objectweb.asm.ClassReader::readUTF8 (23 bytes)
Event: 83.905 Thread 0x00007f456c0fac30 nmethod 4981 0x00007f4555f85510 code [0x00007f4555f856e0, 0x00007f4555f85910]
Event: 83.905 Thread 0x00007f456c0fac30 4983       3       java.lang.StringUTF16::checkIndex (9 bytes)
Event: 83.905 Thread 0x00007f456c0fac30 nmethod 4983 0x00007f4555f85a10 code [0x00007f4555f85bc0, 0x00007f4555f85d40]
Event: 83.907 Thread 0x00007f456c0fac30 4984   !   3       java.util.regex.Pattern::closure (276 bytes)
Event: 83.907 Thread 0x00007f456c0f96f0 4985       4       java.util.regex.Pattern$BmpCharProperty::match (55 bytes)
Event: 83.908 Thread 0x00007f456c0fac30 nmethod 4984 0x00007f4555f85e10 code [0x00007f4555f86220, 0x00007f4555f87c60]
Event: 83.912 Thread 0x00007f456c0f96f0 nmethod 4985 0x00007f455d286790 code [0x00007f455d286940, 0x00007f455d286ca8]
Event: 83.912 Thread 0x00007f456c0f96f0 4986       4       java.util.regex.Pattern$$Lambda$19/0x800000025::is (9 bytes)
Event: 83.912 Thread 0x00007f456c0f96f0 nmethod 4986 0x00007f455d287010 code [0x00007f455d287180, 0x00007f455d287218]
Event: 83.916 Thread 0x00007f456c0fac30 4987       3       java.util.concurrent.TimeUnit::toMillis (69 bytes)
Event: 83.916 Thread 0x00007f456c0fac30 nmethod 4987 0x00007f4555f88610 code [0x00007f4555f887c0, 0x00007f4555f88ad0]
Event: 83.917 Thread 0x00007f456c0f96f0 4988       4       java.util.Arrays$ArrayItr::hasNext (18 bytes)
Event: 83.917 Thread 0x00007f456c0fac30 4989       3       org.eclipse.sisu.inject.RankedSequence::removeThis (44 bytes)
Event: 83.918 Thread 0x00007f456c0f96f0 nmethod 4988 0x00007f455d287310 code [0x00007f455d2874a0, 0x00007f455d287538]
Event: 83.918 Thread 0x00007f456c0fac30 nmethod 4989 0x00007f4555f88b90 code [0x00007f4555f88e80, 0x00007f4555f89f00]

GC Heap History (20 events):
Event: 0.353 GC heap before
{Heap before GC invocations=0 (full 0):
 garbage-first heap   total 98304K, used 14316K [0x00000000a3e00000, 0x0000000100000000)
  region size 1024K, 13 young (13312K), 0 survivors (0K)
 Metaspace       used 4236K, committed 4416K, reserved 1114112K
  class space    used 489K, committed 576K, reserved 1048576K
}
Event: 0.357 GC heap after
{Heap after GC invocations=1 (full 0):
 garbage-first heap   total 98304K, used 3681K [0x00000000a3e00000, 0x0000000100000000)
  region size 1024K, 2 young (2048K), 2 survivors (2048K)
 Metaspace       used 4236K, committed 4416K, reserved 1114112K
  class space    used 489K, committed 576K, reserved 1048576K
}
Event: 0.534 GC heap before
{Heap before GC invocations=1 (full 0):
 garbage-first heap   total 98304K, used 19041K [0x00000000a3e00000, 0x0000000100000000)
  region size 1024K, 18 young (18432K), 2 survivors (2048K)
 Metaspace       used 5964K, committed 6080K, reserved 1114112K
  class space    used 715K, committed 768K, reserved 1048576K
}
Event: 0.538 GC heap after
{Heap after GC invocations=2 (full 0):
 garbage-first heap   total 98304K, used 4441K [0x00000000a3e00000, 0x0000000100000000)
  region size 1024K, 1 young (1024K), 1 survivors (1024K)
 Metaspace       used 5964K, committed 6080K, reserved 1114112K
  class space    used 715K, committed 768K, reserved 1048576K
}
Event: 1.781 GC heap before
{Heap before GC invocations=2 (full 0):
 garbage-first heap   total 98304K, used 60761K [0x00000000a3e00000, 0x0000000100000000)
  region size 1024K, 56 young (57344K), 1 survivors (1024K)
 Metaspace       used 15843K, committed 16128K, reserved 1114112K
  class space    used 1882K, committed 2048K, reserved 1048576K
}
Event: 1.794 GC heap after
{Heap after GC invocations=3 (full 0):
 garbage-first heap   total 98304K, used 8758K [0x00000000a3e00000, 0x0000000100000000)
  region size 1024K, 5 young (5120K), 5 survivors (5120K)
 Metaspace       used 15843K, committed 16128K, reserved 1114112K
  class space    used 1882K, committed 2048K, reserved 1048576K
}
Event: 2.110 GC heap before
{Heap before GC invocations=3 (full 0):
 garbage-first heap   total 98304K, used 25142K [0x00000000a3e00000, 0x0000000100000000)
  region size 1024K, 23 young (23552K), 5 survivors (5120K)
 Metaspace       used 21251K, committed 21504K, reserved 1114112K
  class space    used 2755K, committed 2880K, reserved 1048576K
}
Event: 2.119 GC heap after
{Heap after GC invocations=4 (full 0):
 garbage-first heap   total 98304K, used 11832K [0x00000000a3e00000, 0x0000000100000000)
  region size 1024K, 3 young (3072K), 3 survivors (3072K)
 Metaspace       used 21251K, committed 21504K, reserved 1114112K
  class space    used 2755K, committed 2880K, reserved 1048576K
}
Event: 55.331 GC heap before
{Heap before GC invocations=5 (full 0):
 garbage-first heap   total 48128K, used 38456K [0x00000000a3e00000, 0x0000000100000000)
  region size 1024K, 20 young (20480K), 3 survivors (3072K)
 Metaspace       used 26006K, committed 26368K, reserved 1114112K
  class space    used 3736K, committed 3904K, reserved 1048576K
}
Event: 55.341 GC heap after
{Heap after GC invocations=6 (full 0):
 garbage-first heap   total 48128K, used 23147K [0x00000000a3e00000, 0x0000000100000000)
  region size 1024K, 2 young (2048K), 2 survivors (2048K)
 Metaspace       used 26006K, committed 26368K, reserved 1114112K
  class space    used 3736K, committed 3904K, reserved 1048576K
}
Event: 55.382 GC heap before
{Heap before GC invocations=6 (full 0):
 garbage-first heap   total 48128K, used 23147K [0x00000000a3e00000, 0x0000000100000000)
  region size 1024K, 3 young (3072K), 2 survivors (2048K)
 Metaspace       used 26191K, committed 26560K, reserved 1114112K
  class space    used 3758K, committed 3968K, reserved 1048576K
}
Event: 55.386 GC heap after
{Heap after GC invocations=7 (full 0):
 garbage-first heap   total 48128K, used 23062K [0x00000000a3e00000, 0x0000000100000000)
  region size 1024K, 1 young (1024K), 1 survivors (1024K)
 Metaspace       used 26191K, committed 26560K, reserved 1114112K
  class space    used 3758K, committed 3968K, reserved 1048576K
}
Event: 59.477 GC heap before
{Heap before GC invocations=8 (full 0):
 garbage-first heap   total 48128K, used 26134K [0x00000000a3e00000, 0x0000000100000000)
  region size 1024K, 4 young (4096K), 1 survivors (1024K)
 Metaspace       used 26781K, committed 27136K, reserved 1114112K
  class space    used 3795K, committed 3968K, reserved 1048576K
}
Event: 59.482 GC heap after
{Heap after GC invocations=9 (full 0):
 garbage-first heap   total 58368K, used 24528K [0x00000000a3e00000, 0x0000000100000000)
  region size 1024K, 1 young (1024K), 1 survivors (1024K)
 Metaspace       used 26781K, committed 27136K, reserved 1114112K
  class space    used 3795K, committed 3968K, reserved 1048576K
}
Event: 60.287 GC heap before
{Heap before GC invocations=9 (full 0):
 garbage-first heap   total 58368K, used 26576K [0x00000000a3e00000, 0x0000000100000000)
  region size 1024K, 3 young (3072K), 1 survivors (1024K)
 Metaspace       used 26919K, committed 27200K, reserved 1114112K
  class space    used 3806K, committed 3968K, reserved 1048576K
}
Event: 60.288 GC heap after
{Heap after GC invocations=10 (full 0):
 garbage-first heap   total 58368K, used 24645K [0x00000000a3e00000, 0x0000000100000000)
  region size 1024K, 1 young (1024K), 1 survivors (1024K)
 Metaspace       used 26919K, committed 27200K, reserved 1114112K
  class space    used 3806K, committed 3968K, reserved 1048576K
}
Event: 61.997 GC heap before
{Heap before GC invocations=10 (full 0):
 garbage-first heap   total 58368K, used 26693K [0x00000000a3e00000, 0x0000000100000000)
  region size 1024K, 3 young (3072K), 1 survivors (1024K)
 Metaspace       used 27134K, committed 27456K, reserved 1114112K
  class space    used 3808K, committed 3968K, reserved 1048576K
}
Event: 62.000 GC heap after
{Heap after GC invocations=11 (full 0):
 garbage-first heap   total 58368K, used 24744K [0x00000000a3e00000, 0x0000000100000000)
  region size 1024K, 1 young (1024K), 1 survivors (1024K)
 Metaspace       used 27134K, committed 27456K, reserved 1114112K
  class space    used 3808K, committed 3968K, reserved 1048576K
}
Event: 63.148 GC heap before
{Heap before GC invocations=11 (full 0):
 garbage-first heap   total 58368K, used 26792K [0x00000000a3e00000, 0x0000000100000000)
  region size 1024K, 3 young (3072K), 1 survivors (1024K)
 Metaspace       used 27226K, committed 27520K, reserved 1114112K
  class space    used 3808K, committed 3968K, reserved 1048576K
}
Event: 63.150 GC heap after
{Heap after GC invocations=12 (full 0):
 garbage-first heap   total 58368K, used 24830K [0x00000000a3e00000, 0x0000000100000000)
  region size 1024K, 1 young (1024K), 1 survivors (1024K)
 Metaspace       used 27226K, committed 27520K, reserved 1114112K
  class space    used 3808K, committed 3968K, reserved 1048576K
}

Dll operation events (14 events):
Event: 0.001 Loaded shared library /usr/lib/jvm/java-17-openjdk-amd64/lib/libjava.so
Event: 0.020 Loaded shared library /usr/lib/jvm/java-17-openjdk-amd64/lib/libjsvml.so
Event: 0.032 Loaded shared library /usr/lib/jvm/java-17-openjdk-amd64/lib/libnio.so
Event: 0.035 Loaded shared library /usr/lib/jvm/java-17-openjdk-amd64/lib/libzip.so
Event: 0.102 Loaded shared library /usr/lib/jvm/java-17-openjdk-amd64/lib/libjimage.so
Event: 0.153 Loaded shared library /usr/lib/jvm/java-17-openjdk-amd64/lib/libverify.so
Event: 1.065 Loaded shared library /usr/lib/jvm/java-17-openjdk-amd64/lib/libnet.so
Event: 1.493 Loaded shared library /home/chumbinha/.openjfx/cache/20.0.2+3/amd64/libprism_es2.so
Event: 1.690 Loaded shared library /home/chumbinha/.openjfx/cache/20.0.2+3/amd64/libprism_sw.so
Event: 1.706 Loaded shared library /home/chumbinha/.openjfx/cache/20.0.2+3/amd64/libglass.so
Event: 1.720 Loaded shared library /home/chumbinha/.openjfx/cache/20.0.2+3/amd64/libglassgtk2.so
Event: 1.961 Loaded shared library /home/chumbinha/.openjfx/cache/20.0.2+3/amd64/libjavafx_font.so
Event: 2.037 Loaded shared library /home/chumbinha/.openjfx/cache/20.0.2+3/amd64/libjavafx_font_freetype.so
Event: 2.186 Loaded shared library /home/chumbinha/.openjfx/cache/20.0.2+3/amd64/libjavafx_font_pango.so

Deoptimization events (20 events):
Event: 61.985 Thread 0x00007f44a8143dd0 Uncommon trap: trap_request=0xffffffbe fr.pc=0x00007f455d2478f4 relative=0x00000000000005b4
Event: 61.985 Thread 0x00007f44a8143dd0 Uncommon trap: reason=profile_predicate action=maybe_recompile pc=0x00007f455d2478f4 method=com.sun.javafx.css.BitSet.addAll(Ljava/util/Collection;)Z @ 88 c2
Event: 61.985 Thread 0x00007f44a8143dd0 DEOPT PACKING pc=0x00007f455d2478f4 sp=0x00007f4490e16be0
Event: 61.985 Thread 0x00007f44a8143dd0 DEOPT UNPACKING pc=0x00007f455cb32699 sp=0x00007f4490e16b40 mode 2
Event: 61.986 Thread 0x00007f44a8143dd0 Uncommon trap: trap_request=0xffffffbe fr.pc=0x00007f455d2478f4 relative=0x00000000000005b4
Event: 61.986 Thread 0x00007f44a8143dd0 Uncommon trap: reason=profile_predicate action=maybe_recompile pc=0x00007f455d2478f4 method=com.sun.javafx.css.BitSet.addAll(Ljava/util/Collection;)Z @ 88 c2
Event: 61.986 Thread 0x00007f44a8143dd0 DEOPT PACKING pc=0x00007f455d2478f4 sp=0x00007f4490e16be0
Event: 61.986 Thread 0x00007f44a8143dd0 DEOPT UNPACKING pc=0x00007f455cb32699 sp=0x00007f4490e16b40 mode 2
Event: 63.736 Thread 0x00007f44a8143dd0 Uncommon trap: trap_request=0xffffffe4 fr.pc=0x00007f455d0e5b98 relative=0x0000000000000078
Event: 63.736 Thread 0x00007f44a8143dd0 Uncommon trap: reason=range_check action=make_not_entrant pc=0x00007f455d0e5b98 method=java.util.Objects.checkIndex(II)I @ 3 c2
Event: 63.736 Thread 0x00007f44a8143dd0 DEOPT PACKING pc=0x00007f455d0e5b98 sp=0x00007f4490e17780
Event: 63.736 Thread 0x00007f44a8143dd0 DEOPT UNPACKING pc=0x00007f455cb32699 sp=0x00007f4490e176c8 mode 2
Event: 63.736 Thread 0x00007f44a8143dd0 Uncommon trap: trap_request=0xffffff45 fr.pc=0x00007f455d18a660 relative=0x0000000000000040
Event: 63.736 Thread 0x00007f44a8143dd0 Uncommon trap: reason=unstable_if action=reinterpret pc=0x00007f455d18a660 method=jdk.internal.util.Preconditions.checkIndex(IILjava/util/function/BiFunction;)I @ 1 c2
Event: 63.736 Thread 0x00007f44a8143dd0 DEOPT PACKING pc=0x00007f455d18a660 sp=0x00007f4490e17690
Event: 63.736 Thread 0x00007f44a8143dd0 DEOPT UNPACKING pc=0x00007f455cb32699 sp=0x00007f4490e17660 mode 2
Event: 83.918 Thread 0x00007f456c852230 Uncommon trap: trap_request=0xffffffcc fr.pc=0x00007f455d260a84 relative=0x00000000000001e4
Event: 83.918 Thread 0x00007f456c852230 Uncommon trap: reason=intrinsic_or_type_checked_inlining action=make_not_entrant pc=0x00007f455d260a84 method=java.util.Arrays.copyOf([Ljava/lang/Object;ILjava/lang/Class;)[Ljava/lang/Object; @ 35 c2
Event: 83.918 Thread 0x00007f456c852230 DEOPT PACKING pc=0x00007f455d260a84 sp=0x00007f44f67f65a0
Event: 83.918 Thread 0x00007f456c852230 DEOPT UNPACKING pc=0x00007f455cb32699 sp=0x00007f44f67f6548 mode 2

Classes unloaded (0 events):
No events

Classes redefined (0 events):
No events

Internal exceptions (20 events):
Event: 1.771 Thread 0x00007f44b4056080 Exception <a 'java/lang/NoSuchMethodError'{0x00000000a66ed1d8}: 'void java.lang.invoke.DirectMethodHandle$Holder.invokeStatic(java.lang.Object, java.lang.Object, java.lang.Object, java.lang.Object)'> (0x00000000a66ed1d8) 
thrown [./src/hotspot/share/interpreter/linkResolver.cpp, line 758]
Event: 1.819 Thread 0x00007f44a8143dd0 Exception <a 'java/lang/NoSuchMethodError'{0x00000000a9a34578}: 'java.lang.Object java.lang.invoke.DirectMethodHandle$Holder.invokeInterface(java.lang.Object, java.lang.Object)'> (0x00000000a9a34578) 
thrown [./src/hotspot/share/interpreter/linkResolver.cpp, line 758]
Event: 1.830 Thread 0x00007f44a8143dd0 Exception <a 'java/lang/NoSuchMethodError'{0x00000000a9a60c20}: 'java.lang.Object java.lang.invoke.DirectMethodHandle$Holder.newInvokeSpecial(java.lang.Object, java.lang.Object, int)'> (0x00000000a9a60c20) 
thrown [./src/hotspot/share/interpreter/linkResolver.cpp, line 758]
Event: 1.912 Thread 0x00007f44a8143dd0 Exception <a 'java/lang/NoSuchMethodError'{0x00000000a96f94a0}: 'java.lang.Object java.lang.invoke.DirectMethodHandle$Holder.invokeStaticInit(java.lang.Object, java.lang.Object, java.lang.Object, java.lang.Object)'> (0x00000000a96f94a0) 
thrown [./src/hotspot/share/interpreter/linkResolver.cpp, line 758]
Event: 1.913 Thread 0x00007f44a8143dd0 Exception <a 'java/lang/NullPointerException'{0x00000000a95049c8}> (0x00000000a95049c8) 
thrown [./src/hotspot/share/interpreter/linkResolver.cpp, line 1350]
Event: 1.935 Thread 0x00007f44a8143dd0 Exception <a 'java/lang/NoSuchMethodError'{0x00000000a9492030}: 'java.lang.Object java.lang.invoke.DirectMethodHandle$Holder.invokeSpecial(java.lang.Object, java.lang.Object, java.lang.Object, int, java.lang.Object)'> (0x00000000a9492030) 
thrown [./src/hotspot/share/interpreter/linkResolver.cpp, line 758]
Event: 2.026 Thread 0x00007f44a8143dd0 Exception <a 'java/lang/NoSuchMethodError'{0x00000000a8e69088}: 'void java.lang.invoke.DirectMethodHandle$Holder.invokeStaticInit(java.lang.Object, java.lang.Object)'> (0x00000000a8e69088) 
thrown [./src/hotspot/share/interpreter/linkResolver.cpp, line 758]
Event: 2.028 Thread 0x00007f44a8143dd0 Exception <a 'java/lang/NoSuchMethodError'{0x00000000a8e966d8}: 'void java.lang.invoke.DirectMethodHandle$Holder.invokeSpecial(java.lang.Object, java.lang.Object, java.lang.Object, java.lang.Object, java.lang.Object)'> (0x00000000a8e966d8) 
thrown [./src/hotspot/share/interpreter/linkResolver.cpp, line 758]
Event: 2.160 Thread 0x00007f44a8143dd0 Exception <a 'java/lang/NoSuchMethodError'{0x00000000a66f3770}: 'java.lang.Object java.lang.invoke.DirectMethodHandle$Holder.invokeInterface(java.lang.Object, java.lang.Object, java.lang.Object)'> (0x00000000a66f3770) 
thrown [./src/hotspot/share/interpreter/linkResolver.cpp, line 758]
Event: 2.160 Thread 0x00007f44a8143dd0 Exception <a 'java/lang/IncompatibleClassChangeError'{0x00000000a66f70f8}: Found class java.lang.Object, but interface was expected> (0x00000000a66f70f8) 
thrown [./src/hotspot/share/interpreter/linkResolver.cpp, line 826]
Event: 2.223 Thread 0x00007f44a8063560 Exception <a 'java/lang/NoSuchMethodError'{0x00000000a6357498}: 'int java.lang.invoke.DirectMethodHandle$Holder.invokeStaticInit(java.lang.Object, java.lang.Object)'> (0x00000000a6357498) 
thrown [./src/hotspot/share/interpreter/linkResolver.cpp, line 758]
Event: 55.070 Thread 0x00007f44a8143dd0 Exception <a 'java/lang/NoSuchMethodError'{0x00000000a60a62c8}: 'long java.lang.invoke.DirectMethodHandle$Holder.invokeStatic(java.lang.Object, java.lang.Object, java.lang.Object)'> (0x00000000a60a62c8) 
thrown [./src/hotspot/share/interpreter/linkResolver.cpp, line 758]
Event: 55.070 Thread 0x00007f44a8143dd0 Exception <a 'java/lang/NoSuchMethodError'{0x00000000a60a9a70}: 'long java.lang.invoke.DirectMethodHandle$Holder.invokeStaticInit(java.lang.Object, java.lang.Object, java.lang.Object)'> (0x00000000a60a9a70) 
thrown [./src/hotspot/share/interpreter/linkResolver.cpp, line 758]
Event: 55.072 Thread 0x00007f44a8143dd0 Exception <a 'java/lang/NoSuchMethodError'{0x00000000a60c4830}: 'java.lang.Object java.lang.invoke.DirectMethodHandle$Holder.newInvokeSpecial(java.lang.Object, java.lang.Object, long)'> (0x00000000a60c4830) 
thrown [./src/hotspot/share/interpreter/linkResolver.cpp, line 758]
Event: 55.073 Thread 0x00007f44a8143dd0 Exception <a 'java/lang/NoSuchMethodError'{0x00000000a60c83a0}: 'java.lang.Object java.lang.invoke.Invokers$Holder.linkToTargetMethod(java.lang.Object, long, java.lang.Object)'> (0x00000000a60c83a0) 
thrown [./src/hotspot/share/interpreter/linkResolver.cpp, line 758]
Event: 55.297 Thread 0x00007f44a8143dd0 Exception <a 'java/lang/NoSuchMethodError'{0x00000000a58e30b8}: 'int java.lang.invoke.DirectMethodHandle$Holder.invokeSpecial(java.lang.Object, java.lang.Object, int)'> (0x00000000a58e30b8) 
thrown [./src/hotspot/share/interpreter/linkResolver.cpp, line 758]
Event: 63.736 Thread 0x00007f44a8143dd0 Exception <a 'java/lang/reflect/InvocationTargetException'{0x00000000a9b67580}> (0x00000000a9b67580) 
thrown [./src/hotspot/share/runtime/reflection.cpp, line 1119]
Event: 63.736 Thread 0x00007f44a8143dd0 Exception <a 'java/lang/reflect/InvocationTargetException'{0x00000000a9b67af8}> (0x00000000a9b67af8) 
thrown [./src/hotspot/share/runtime/reflection.cpp, line 1119]
Event: 67.873 Thread 0x00007f44a8143dd0 Exception <a 'java/lang/reflect/InvocationTargetException'{0x00000000a87b8cd0}> (0x00000000a87b8cd0) 
thrown [./src/hotspot/share/runtime/reflection.cpp, line 1119]
Event: 67.873 Thread 0x00007f44a8143dd0 Exception <a 'java/lang/reflect/InvocationTargetException'{0x00000000a87b9248}> (0x00000000a87b9248) 
thrown [./src/hotspot/share/runtime/reflection.cpp, line 1119]

VM Operations (20 events):
Event: 72.153 Executing VM operation: Cleanup done
Event: 73.153 Executing VM operation: Cleanup
Event: 73.153 Executing VM operation: Cleanup done
Event: 74.153 Executing VM operation: Cleanup
Event: 74.153 Executing VM operation: Cleanup done
Event: 77.154 Executing VM operation: Cleanup
Event: 77.154 Executing VM operation: Cleanup done
Event: 78.154 Executing VM operation: Cleanup
Event: 78.154 Executing VM operation: Cleanup done
Event: 79.154 Executing VM operation: Cleanup
Event: 79.155 Executing VM operation: Cleanup done
Event: 80.155 Executing VM operation: Cleanup
Event: 80.155 Executing VM operation: Cleanup done
Event: 81.155 Executing VM operation: Cleanup
Event: 81.155 Executing VM operation: Cleanup done
Event: 82.155 Executing VM operation: Cleanup
Event: 82.155 Executing VM operation: Cleanup done
Event: 83.155 Executing VM operation: Cleanup
Event: 83.156 Executing VM operation: Cleanup done
Event: 83.918 Executing VM operation: Exit

Events (20 events):
Event: 61.990 Protecting memory [0x00007f44f6bfe000,0x00007f44f6c02000] with protection modes 0
Event: 62.452 Thread 0x00007f44d024e8d0 Thread exited: 0x00007f44d024e8d0
Event: 63.139 Thread 0x00007f44d0559670 Thread added: 0x00007f44d0559670
Event: 63.139 Protecting memory [0x00007f44f6bfe000,0x00007f44f6c02000] with protection modes 0
Event: 63.260 Thread 0x00007f44d0559670 Thread exited: 0x00007f44d0559670
Event: 63.771 Thread 0x00007f44d055bfd0 Thread added: 0x00007f44d055bfd0
Event: 63.771 Protecting memory [0x00007f44f6bfe000,0x00007f44f6c02000] with protection modes 0
Event: 64.102 Thread 0x00007f44d055bfd0 Thread exited: 0x00007f44d055bfd0
Event: 83.899 Thread 0x00007f44a8063560 Thread exited: 0x00007f44a8063560
Event: 83.899 Thread 0x00007f44b4056080 Thread exited: 0x00007f44b4056080
Event: 83.904 Thread 0x00007f456c879a90 Thread exited: 0x00007f456c879a90
Event: 83.904 Thread 0x00007f44a8143dd0 Thread exited: 0x00007f44a8143dd0
Event: 83.906 loading class java/net/UnknownHostException
Event: 83.907 loading class java/net/UnknownHostException done
Event: 83.917 Thread 0x00007f456c879a90 Thread added: 0x00007f456c879a90
Event: 83.918 Protecting memory [0x00007f4490d1c000,0x00007f4490d20000] with protection modes 0
Event: 83.918 Thread 0x00007f456c852230 Thread added: 0x00007f456c852230
Event: 83.918 Protecting memory [0x00007f44f66f8000,0x00007f44f66fc000] with protection modes 0
Event: 83.918 Thread 0x00007f456c879a90 Thread exited: 0x00007f456c879a90
Event: 83.918 Thread 0x00007f456c852230 Thread exited: 0x00007f456c852230


Dynamic libraries:
a3e00000-a7100000 rw-p 00000000 00:00 0 
a7100000-a8700000 ---p 00000000 00:00 0 
a8700000-a8a00000 rw-p 00000000 00:00 0 
a8a00000-a9b00000 ---p 00000000 00:00 0 
a9b00000-a9c00000 rw-p 00000000 00:00 0 
a9c00000-ffe00000 ---p 00000000 00:00 0 
ffe00000-ffe77000 rw-p 00ca8000 08:20 71752                              /usr/lib/jvm/java-17-openjdk-amd64/lib/server/classes.jsa
ffe77000-fff00000 rw-p 00000000 00:00 0 
fff00000-fff84000 rw-p 00c24000 08:20 71752                              /usr/lib/jvm/java-17-openjdk-amd64/lib/server/classes.jsa
fff84000-100000000 rw-p 00000000 00:00 0 
55653fe62000-55653fe63000 r--p 00000000 08:20 71600                      /usr/lib/jvm/java-17-openjdk-amd64/bin/java
55653fe63000-55653fe64000 r-xp 00001000 08:20 71600                      /usr/lib/jvm/java-17-openjdk-amd64/bin/java
55653fe64000-55653fe65000 r--p 00002000 08:20 71600                      /usr/lib/jvm/java-17-openjdk-amd64/bin/java
55653fe65000-55653fe66000 r--p 00002000 08:20 71600                      /usr/lib/jvm/java-17-openjdk-amd64/bin/java
55653fe66000-55653fe67000 rw-p 00003000 08:20 71600                      /usr/lib/jvm/java-17-openjdk-amd64/bin/java
556540043000-55654008a000 rw-p 00000000 00:00 0                          [heap]
7f447a7fe000-7f447affe000 rw-s 00000000 00:01 32792                      /SYSV00000000 (deleted)
7f447affe000-7f447afff000 ---p 00000000 00:00 0 
7f447afff000-7f447b7ff000 rw-p 00000000 00:00 0 
7f447b7ff000-7f447b800000 ---p 00000000 00:00 0 
7f447b800000-7f447c000000 rw-p 00000000 00:00 0 
7f447c000000-7f447c021000 rw-p 00000000 00:00 0 
7f447c021000-7f4480000000 ---p 00000000 00:00 0 
7f4480000000-7f4480021000 rw-p 00000000 00:00 0 
7f4480021000-7f4484000000 ---p 00000000 00:00 0 
7f4484000000-7f4484021000 rw-p 00000000 00:00 0 
7f4484021000-7f4488000000 ---p 00000000 00:00 0 
7f4488000000-7f4488747000 rw-p 00000000 00:00 0 
7f4488747000-7f448c000000 ---p 00000000 00:00 0 
7f448c000000-7f448c021000 rw-p 00000000 00:00 0 
7f448c021000-7f4490000000 ---p 00000000 00:00 0 
7f449017d000-7f449022a000 r--p 00000000 08:20 33703                      /usr/share/fonts/truetype/dejavu/DejaVuSans-Bold.ttf
7f449022a000-7f449022e000 ---p 00000000 00:00 0 
7f449022e000-7f449032a000 rw-p 00000000 00:00 0 
7f449032a000-7f449032e000 r-xp 00000000 08:20 72190                      /home/chumbinha/.openjfx/cache/20.0.2+3/amd64/libjavafx_font_pango.so
7f449032e000-7f449032f000 r--p 00003000 08:20 72190                      /home/chumbinha/.openjfx/cache/20.0.2+3/amd64/libjavafx_font_pango.so
7f449032f000-7f4490330000 rw-p 00004000 08:20 72190                      /home/chumbinha/.openjfx/cache/20.0.2+3/amd64/libjavafx_font_pango.so
7f4490330000-7f4490334000 ---p 00000000 00:00 0 
7f4490334000-7f4490430000 rw-p 00000000 00:00 0 
7f4490430000-7f44904e9000 r--p 00000000 08:20 33704                      /usr/share/fonts/truetype/dejavu/DejaVuSans.ttf
7f44904e9000-7f44904ef000 r--s 00000000 08:20 38451                      /var/cache/fontconfig/4fa2fc96-ab21-4e08-8631-5170ca5106ee-le64.cache-7
7f44904ef000-7f44904fb000 r--s 00000000 08:20 38449                      /var/cache/fontconfig/066b6509-f630-468d-8b00-22a8602547b7-le64.cache-7
7f44904fb000-7f4490500000 r-xp 00000000 08:20 72189                      /home/chumbinha/.openjfx/cache/20.0.2+3/amd64/libjavafx_font_freetype.so
7f4490500000-7f4490501000 r--p 00004000 08:20 72189                      /home/chumbinha/.openjfx/cache/20.0.2+3/amd64/libjavafx_font_freetype.so
7f4490501000-7f4490502000 rw-p 00005000 08:20 72189                      /home/chumbinha/.openjfx/cache/20.0.2+3/amd64/libjavafx_font_freetype.so
7f4490502000-7f4490503000 ---p 00000000 00:00 0 
7f4490503000-7f4490d03000 rw-p 00000000 00:00 0 
7f4490d03000-7f4490d07000 r--p 00000000 08:20 22554                      /usr/lib/x86_64-linux-gnu/gio/modules/libdconfsettings.so
7f4490d07000-7f4490d0e000 r-xp 00004000 08:20 22554                      /usr/lib/x86_64-linux-gnu/gio/modules/libdconfsettings.so
7f4490d0e000-7f4490d11000 r--p 0000b000 08:20 22554                      /usr/lib/x86_64-linux-gnu/gio/modules/libdconfsettings.so
7f4490d11000-7f4490d12000 r--p 0000e000 08:20 22554                      /usr/lib/x86_64-linux-gnu/gio/modules/libdconfsettings.so
7f4490d12000-7f4490d13000 rw-p 0000f000 08:20 22554                      /usr/lib/x86_64-linux-gnu/gio/modules/libdconfsettings.so
7f4490d13000-7f4490d1c000 r--p 00000000 08:20 38992                      /usr/share/glib-2.0/schemas/gschemas.compiled
7f4490d1c000-7f4490d20000 ---p 00000000 00:00 0 
7f4490d20000-7f4490e1c000 rw-p 00000000 00:00 0 
7f4490e1c000-7f4490e20000 ---p 00000000 00:00 0 
7f4490e20000-7f4490f1c000 rw-p 00000000 00:00 0 
7f4490f1c000-7f4490f1e000 r--p 00000000 08:20 22510                      /usr/lib/x86_64-linux-gnu/libXtst.so.6.1.0
7f4490f1e000-7f4490f21000 r-xp 00002000 08:20 22510                      /usr/lib/x86_64-linux-gnu/libXtst.so.6.1.0
7f4490f21000-7f4490f22000 r--p 00005000 08:20 22510                      /usr/lib/x86_64-linux-gnu/libXtst.so.6.1.0
7f4490f22000-7f4490f23000 r--p 00005000 08:20 22510                      /usr/lib/x86_64-linux-gnu/libXtst.so.6.1.0
7f4490f23000-7f4490f24000 rw-p 00006000 08:20 22510                      /usr/lib/x86_64-linux-gnu/libXtst.so.6.1.0
7f4490f24000-7f4490f65000 r-xp 00000000 08:20 72184                      /home/chumbinha/.openjfx/cache/20.0.2+3/amd64/libglassgtk2.so
7f4490f65000-7f4490f66000 ---p 00041000 08:20 72184                      /home/chumbinha/.openjfx/cache/20.0.2+3/amd64/libglassgtk2.so
7f4490f66000-7f4490f68000 r--p 00041000 08:20 72184                      /home/chumbinha/.openjfx/cache/20.0.2+3/amd64/libglassgtk2.so
7f4490f68000-7f4490f6a000 rw-p 00043000 08:20 72184                      /home/chumbinha/.openjfx/cache/20.0.2+3/amd64/libglassgtk2.so
7f4490f6a000-7f4490f6b000 r--p 00000000 08:20 6511                       /usr/lib/x86_64-linux-gnu/libbrotlicommon.so.1.0.9
7f4490f6b000-7f4490f6c000 r-xp 00001000 08:20 6511                       /usr/lib/x86_64-linux-gnu/libbrotlicommon.so.1.0.9
7f4490f6c000-7f4490f8b000 r--p 00002000 08:20 6511                       /usr/lib/x86_64-linux-gnu/libbrotlicommon.so.1.0.9
7f4490f8b000-7f4490f8c000 r--p 00020000 08:20 6511                       /usr/lib/x86_64-linux-gnu/libbrotlicommon.so.1.0.9
7f4490f8c000-7f4490f8d000 rw-p 00021000 08:20 6511                       /usr/lib/x86_64-linux-gnu/libbrotlicommon.so.1.0.9
7f4490f8d000-7f4490f8f000 r--p 00000000 08:20 71322                      /usr/lib/x86_64-linux-gnu/libdatrie.so.1.4.0
7f4490f8f000-7f4490f93000 r-xp 00002000 08:20 71322                      /usr/lib/x86_64-linux-gnu/libdatrie.so.1.4.0
7f4490f93000-7f4490f94000 r--p 00006000 08:20 71322                      /usr/lib/x86_64-linux-gnu/libdatrie.so.1.4.0
7f4490f94000-7f4490f95000 r--p 00007000 08:20 71322                      /usr/lib/x86_64-linux-gnu/libdatrie.so.1.4.0
7f4490f95000-7f4490f96000 rw-p 00008000 08:20 71322                      /usr/lib/x86_64-linux-gnu/libdatrie.so.1.4.0
7f4490f96000-7f4490f98000 r--p 00000000 08:20 6769                       /usr/lib/x86_64-linux-gnu/libpcre2-8.so.0.10.4
7f4490f98000-7f4491003000 r-xp 00002000 08:20 6769                       /usr/lib/x86_64-linux-gnu/libpcre2-8.so.0.10.4
7f4491003000-7f449102b000 r--p 0006d000 08:20 6769                       /usr/lib/x86_64-linux-gnu/libpcre2-8.so.0.10.4
7f449102b000-7f449102c000 r--p 00094000 08:20 6769                       /usr/lib/x86_64-linux-gnu/libpcre2-8.so.0.10.4
7f449102c000-7f449102d000 rw-p 00095000 08:20 6769                       /usr/lib/x86_64-linux-gnu/libpcre2-8.so.0.10.4
7f449102d000-7f4491034000 r--p 00000000 08:20 6507                       /usr/lib/x86_64-linux-gnu/libblkid.so.1.1.0
7f4491034000-7f4491054000 r-xp 00007000 08:20 6507                       /usr/lib/x86_64-linux-gnu/libblkid.so.1.1.0
7f4491054000-7f449105d000 r--p 00027000 08:20 6507                       /usr/lib/x86_64-linux-gnu/libblkid.so.1.1.0
7f449105d000-7f449105e000 ---p 00030000 08:20 6507                       /usr/lib/x86_64-linux-gnu/libblkid.so.1.1.0
7f449105e000-7f4491063000 r--p 00030000 08:20 6507                       /usr/lib/x86_64-linux-gnu/libblkid.so.1.1.0
7f4491063000-7f4491064000 rw-p 00035000 08:20 6507                       /usr/lib/x86_64-linux-gnu/libblkid.so.1.1.0
7f4491064000-7f4491065000 r--p 00000000 08:20 6513                       /usr/lib/x86_64-linux-gnu/libbrotlidec.so.1.0.9
7f4491065000-7f449106d000 r-xp 00001000 08:20 6513                       /usr/lib/x86_64-linux-gnu/libbrotlidec.so.1.0.9
7f449106d000-7f4491070000 r--p 00009000 08:20 6513                       /usr/lib/x86_64-linux-gnu/libbrotlidec.so.1.0.9
7f4491070000-7f4491071000 r--p 0000b000 08:20 6513                       /usr/lib/x86_64-linux-gnu/libbrotlidec.so.1.0.9
7f4491071000-7f4491072000 rw-p 0000c000 08:20 6513                       /usr/lib/x86_64-linux-gnu/libbrotlidec.so.1.0.9
7f4491072000-7f4491075000 r--p 00000000 08:20 24507                      /usr/lib/x86_64-linux-gnu/libgraphite2.so.3.2.1
7f4491075000-7f4491092000 r-xp 00003000 08:20 24507                      /usr/lib/x86_64-linux-gnu/libgraphite2.so.3.2.1
7f4491092000-7f4491096000 r--p 00020000 08:20 24507                      /usr/lib/x86_64-linux-gnu/libgraphite2.so.3.2.1
7f4491096000-7f4491098000 r--p 00023000 08:20 24507                      /usr/lib/x86_64-linux-gnu/libgraphite2.so.3.2.1
7f4491098000-7f4491099000 rw-p 00025000 08:20 24507                      /usr/lib/x86_64-linux-gnu/libgraphite2.so.3.2.1
7f4491099000-7f449109b000 r--p 00000000 08:20 6861                       /usr/lib/x86_64-linux-gnu/libuuid.so.1.3.0
7f449109b000-7f449109f000 r-xp 00002000 08:20 6861                       /usr/lib/x86_64-linux-gnu/libuuid.so.1.3.0
7f449109f000-7f44910a0000 r--p 00006000 08:20 6861                       /usr/lib/x86_64-linux-gnu/libuuid.so.1.3.0
7f44910a0000-7f44910a1000 r--p 00006000 08:20 6861                       /usr/lib/x86_64-linux-gnu/libuuid.so.1.3.0
7f44910a1000-7f44910a2000 rw-p 00007000 08:20 6861                       /usr/lib/x86_64-linux-gnu/libuuid.so.1.3.0
7f44910a2000-7f44910a4000 r--p 00000000 08:20 6767                       /usr/lib/x86_64-linux-gnu/libpcre.so.3.13.3
7f44910a4000-7f44910f9000 r-xp 00002000 08:20 6767                       /usr/lib/x86_64-linux-gnu/libpcre.so.3.13.3
7f44910f9000-7f4491116000 r--p 00057000 08:20 6767                       /usr/lib/x86_64-linux-gnu/libpcre.so.3.13.3
7f4491116000-7f4491117000 r--p 00073000 08:20 6767                       /usr/lib/x86_64-linux-gnu/libpcre.so.3.13.3
7f4491117000-7f4491118000 rw-p 00074000 08:20 6767                       /usr/lib/x86_64-linux-gnu/libpcre.so.3.13.3
7f4491118000-7f449111a000 r--p 00000000 08:20 71371                      /usr/lib/x86_64-linux-gnu/libthai.so.0.3.1
7f449111a000-7f449111e000 r-xp 00002000 08:20 71371                      /usr/lib/x86_64-linux-gnu/libthai.so.0.3.1
7f449111e000-7f4491121000 r--p 00006000 08:20 71371                      /usr/lib/x86_64-linux-gnu/libthai.so.0.3.1
7f4491121000-7f4491122000 r--p 00008000 08:20 71371                      /usr/lib/x86_64-linux-gnu/libthai.so.0.3.1
7f4491122000-7f4491123000 rw-p 00009000 08:20 71371                      /usr/lib/x86_64-linux-gnu/libthai.so.0.3.1
7f4491123000-7f4491125000 r--p 00000000 08:20 6586                       /usr/lib/x86_64-linux-gnu/libfribidi.so.0.4.0
7f4491125000-7f4491128000 r-xp 00002000 08:20 6586                       /usr/lib/x86_64-linux-gnu/libfribidi.so.0.4.0
7f4491128000-7f449113d000 r--p 00005000 08:20 6586                       /usr/lib/x86_64-linux-gnu/libfribidi.so.0.4.0
7f449113d000-7f449113e000 r--p 00019000 08:20 6586                       /usr/lib/x86_64-linux-gnu/libfribidi.so.0.4.0
7f449113e000-7f449113f000 rw-p 0001a000 08:20 6586                       /usr/lib/x86_64-linux-gnu/libfribidi.so.0.4.0
7f449113f000-7f4491145000 r--p 00000000 08:20 6808                       /usr/lib/x86_64-linux-gnu/libselinux.so.1
7f4491145000-7f449115f000 r-xp 00006000 08:20 6808                       /usr/lib/x86_64-linux-gnu/libselinux.so.1
7f449115f000-7f4491166000 r--p 00020000 08:20 6808                       /usr/lib/x86_64-linux-gnu/libselinux.so.1
7f4491166000-7f4491167000 ---p 00027000 08:20 6808                       /usr/lib/x86_64-linux-gnu/libselinux.so.1
7f4491167000-7f4491168000 r--p 00027000 08:20 6808                       /usr/lib/x86_64-linux-gnu/libselinux.so.1
7f4491168000-7f4491169000 rw-p 00028000 08:20 6808                       /usr/lib/x86_64-linux-gnu/libselinux.so.1
7f4491169000-7f449116b000 rw-p 00000000 00:00 0 
7f449116b000-7f4491173000 r--p 00000000 08:20 6698                       /usr/lib/x86_64-linux-gnu/libmount.so.1.1.0
7f4491173000-7f449119f000 r-xp 00008000 08:20 6698                       /usr/lib/x86_64-linux-gnu/libmount.so.1.1.0
7f449119f000-7f44911ac000 r--p 00034000 08:20 6698                       /usr/lib/x86_64-linux-gnu/libmount.so.1.1.0
7f44911ac000-7f44911ad000 ---p 00041000 08:20 6698                       /usr/lib/x86_64-linux-gnu/libmount.so.1.1.0
7f44911ad000-7f44911ae000 r--p 00041000 08:20 6698                       /usr/lib/x86_64-linux-gnu/libmount.so.1.1.0
7f44911ae000-7f44911af000 rw-p 00042000 08:20 6698                       /usr/lib/x86_64-linux-gnu/libmount.so.1.1.0
7f44911af000-7f44911b3000 r--p 00000000 08:20 33874                      /usr/lib/x86_64-linux-gnu/libjpeg.so.8.2.2
7f44911b3000-7f44911fc000 r-xp 00004000 08:20 33874                      /usr/lib/x86_64-linux-gnu/libjpeg.so.8.2.2
7f44911fc000-7f449122e000 r--p 0004d000 08:20 33874                      /usr/lib/x86_64-linux-gnu/libjpeg.so.8.2.2
7f449122e000-7f449122f000 r--p 0007e000 08:20 33874                      /usr/lib/x86_64-linux-gnu/libjpeg.so.8.2.2
7f449122f000-7f4491230000 rw-p 0007f000 08:20 33874                      /usr/lib/x86_64-linux-gnu/libjpeg.so.8.2.2
7f4491230000-7f449123d000 r--p 00000000 08:20 33847                      /usr/lib/x86_64-linux-gnu/libfreetype.so.6.18.1
7f449123d000-7f44912c6000 r-xp 0000d000 08:20 33847                      /usr/lib/x86_64-linux-gnu/libfreetype.so.6.18.1
7f44912c6000-7f44912ef000 r--p 00096000 08:20 33847                      /usr/lib/x86_64-linux-gnu/libfreetype.so.6.18.1
7f44912ef000-7f44912f0000 ---p 000bf000 08:20 33847                      /usr/lib/x86_64-linux-gnu/libfreetype.so.6.18.1
7f44912f0000-7f44912f7000 r--p 000bf000 08:20 33847                      /usr/lib/x86_64-linux-gnu/libfreetype.so.6.18.1
7f44912f7000-7f44912f8000 rw-p 000c6000 08:20 33847                      /usr/lib/x86_64-linux-gnu/libfreetype.so.6.18.1
7f44912f8000-7f4491302000 r--p 00000000 08:20 71265                      /usr/lib/x86_64-linux-gnu/libpixman-1.so.0.40.0
7f4491302000-7f4491388000 r-xp 0000a000 08:20 71265                      /usr/lib/x86_64-linux-gnu/libpixman-1.so.0.40.0
7f4491388000-7f449139a000 r--p 00090000 08:20 71265                      /usr/lib/x86_64-linux-gnu/libpixman-1.so.0.40.0
7f449139a000-7f44913a2000 r--p 000a1000 08:20 71265                      /usr/lib/x86_64-linux-gnu/libpixman-1.so.0.40.0
7f44913a2000-7f44913a3000 rw-p 000a9000 08:20 71265                      /usr/lib/x86_64-linux-gnu/libpixman-1.so.0.40.0
7f44913a3000-7f44913ac000 r--p 00000000 08:20 24521                      /usr/lib/x86_64-linux-gnu/libharfbuzz.so.0.20704.0
7f44913ac000-7f449143d000 r-xp 00009000 08:20 24521                      /usr/lib/x86_64-linux-gnu/libharfbuzz.so.0.20704.0
7f449143d000-7f449146f000 r--p 0009a000 08:20 24521                      /usr/lib/x86_64-linux-gnu/libharfbuzz.so.0.20704.0
7f449146f000-7f4491470000 ---p 000cc000 08:20 24521                      /usr/lib/x86_64-linux-gnu/libharfbuzz.so.0.20704.0
7f4491470000-7f4491471000 r--p 000cc000 08:20 24521                      /usr/lib/x86_64-linux-gnu/libharfbuzz.so.0.20704.0
7f4491471000-7f4491472000 rw-p 000cd000 08:20 24521                      /usr/lib/x86_64-linux-gnu/libharfbuzz.so.0.20704.0
7f4491472000-7f449148f000 r--p 00000000 08:20 17639                      /usr/lib/x86_64-linux-gnu/libglib-2.0.so.0.7200.4
7f449148f000-7f449151e000 r-xp 0001d000 08:20 17639                      /usr/lib/x86_64-linux-gnu/libglib-2.0.so.0.7200.4
7f449151e000-7f44915a8000 r--p 000ac000 08:20 17639                      /usr/lib/x86_64-linux-gnu/libglib-2.0.so.0.7200.4
7f44915a8000-7f44915a9000 ---p 00136000 08:20 17639                      /usr/lib/x86_64-linux-gnu/libglib-2.0.so.0.7200.4
7f44915a9000-7f44915aa000 r--p 00136000 08:20 17639                      /usr/lib/x86_64-linux-gnu/libglib-2.0.so.0.7200.4
7f44915aa000-7f44915ab000 rw-p 00137000 08:20 17639                      /usr/lib/x86_64-linux-gnu/libglib-2.0.so.0.7200.4
7f44915ab000-7f44915ac000 rw-p 00000000 00:00 0 
7f44915ac000-7f44915e4000 r--p 00000000 08:20 17618                      /usr/lib/x86_64-linux-gnu/libgio-2.0.so.0.7200.4
7f44915e4000-7f44916f5000 r-xp 00038000 08:20 17618                      /usr/lib/x86_64-linux-gnu/libgio-2.0.so.0.7200.4
7f44916f5000-7f449177a000 r--p 00149000 08:20 17618                      /usr/lib/x86_64-linux-gnu/libgio-2.0.so.0.7200.4
7f449177a000-7f4491782000 r--p 001cd000 08:20 17618                      /usr/lib/x86_64-linux-gnu/libgio-2.0.so.0.7200.4
7f4491782000-7f4491783000 rw-p 001d5000 08:20 17618                      /usr/lib/x86_64-linux-gnu/libgio-2.0.so.0.7200.4
7f4491783000-7f4491785000 rw-p 00000000 00:00 0 
7f4491785000-7f44917e9000 r--p 00000000 08:20 71460                      /usr/lib/x86_64-linux-gnu/libgtk-x11-2.0.so.0.2400.33
7f44917e9000-7f4491a7b000 r-xp 00064000 08:20 71460                      /usr/lib/x86_64-linux-gnu/libgtk-x11-2.0.so.0.2400.33
7f4491a7b000-7f4491bef000 r--p 002f6000 08:20 71460                      /usr/lib/x86_64-linux-gnu/libgtk-x11-2.0.so.0.2400.33
7f4491bef000-7f4491bf6000 r--p 00469000 08:20 71460                      /usr/lib/x86_64-linux-gnu/libgtk-x11-2.0.so.0.2400.33
7f4491bf6000-7f4491bfa000 rw-p 00470000 08:20 71460                      /usr/lib/x86_64-linux-gnu/libgtk-x11-2.0.so.0.2400.33
7f4491bfa000-7f4491bfc000 rw-p 00000000 00:00 0 
7f4491bfc000-7f4491bfd000 ---p 00000000 00:00 0 
7f4491bfd000-7f44923fd000 rw-p 00000000 00:00 0 
7f44927fd000-7f44927fe000 ---p 00000000 00:00 0 
7f44927fe000-7f4492ffe000 rw-p 00000000 00:00 0 
7f4492ffe000-7f4492fff000 ---p 00000000 00:00 0 
7f4492fff000-7f44937ff000 rw-p 00000000 00:00 0 
7f44937ff000-7f4493800000 ---p 00000000 00:00 0 
7f4493800000-7f4494000000 rw-p 00000000 00:00 0 
7f4494000000-7f449402a000 rw-p 00000000 00:00 0 
7f449402a000-7f4498000000 ---p 00000000 00:00 0 
7f4498000000-7f4498001000 r--p 00000000 08:20 17673                      /usr/lib/x86_64-linux-gnu/libgthread-2.0.so.0.7200.4
7f4498001000-7f4498002000 r-xp 00001000 08:20 17673                      /usr/lib/x86_64-linux-gnu/libgthread-2.0.so.0.7200.4
7f4498002000-7f4498003000 r--p 00002000 08:20 17673                      /usr/lib/x86_64-linux-gnu/libgthread-2.0.so.0.7200.4
7f4498003000-7f4498004000 r--p 00002000 08:20 17673                      /usr/lib/x86_64-linux-gnu/libgthread-2.0.so.0.7200.4
7f4498004000-7f4498005000 rw-p 00003000 08:20 17673                      /usr/lib/x86_64-linux-gnu/libgthread-2.0.so.0.7200.4
7f4498005000-7f449800a000 r--p 00000000 08:20 71279                      /usr/lib/x86_64-linux-gnu/libxcb-render.so.0.0.0
7f449800a000-7f449800f000 r-xp 00005000 08:20 71279                      /usr/lib/x86_64-linux-gnu/libxcb-render.so.0.0.0
7f449800f000-7f4498011000 r--p 0000a000 08:20 71279                      /usr/lib/x86_64-linux-gnu/libxcb-render.so.0.0.0
7f4498011000-7f4498012000 ---p 0000c000 08:20 71279                      /usr/lib/x86_64-linux-gnu/libxcb-render.so.0.0.0
7f4498012000-7f4498013000 r--p 0000c000 08:20 71279                      /usr/lib/x86_64-linux-gnu/libxcb-render.so.0.0.0
7f4498013000-7f4498014000 rw-p 0000d000 08:20 71279                      /usr/lib/x86_64-linux-gnu/libxcb-render.so.0.0.0
7f4498014000-7f4498019000 r--p 00000000 08:20 6785                       /usr/lib/x86_64-linux-gnu/libpng16.so.16.37.0
7f4498019000-7f4498042000 r-xp 00005000 08:20 6785                       /usr/lib/x86_64-linux-gnu/libpng16.so.16.37.0
7f4498042000-7f449804d000 r--p 0002e000 08:20 6785                       /usr/lib/x86_64-linux-gnu/libpng16.so.16.37.0
7f449804d000-7f449804e000 r--p 00038000 08:20 6785                       /usr/lib/x86_64-linux-gnu/libpng16.so.16.37.0
7f449804e000-7f449804f000 rw-p 00039000 08:20 6785                       /usr/lib/x86_64-linux-gnu/libpng16.so.16.37.0
7f449804f000-7f4498050000 r--p 00000000 08:20 71425                      /usr/lib/x86_64-linux-gnu/libXdamage.so.1.1.0
7f4498050000-7f4498051000 r-xp 00001000 08:20 71425                      /usr/lib/x86_64-linux-gnu/libXdamage.so.1.1.0
7f4498051000-7f4498052000 r--p 00002000 08:20 71425                      /usr/lib/x86_64-linux-gnu/libXdamage.so.1.1.0
7f4498052000-7f4498053000 r--p 00002000 08:20 71425                      /usr/lib/x86_64-linux-gnu/libXdamage.so.1.1.0
7f4498053000-7f4498054000 rw-p 00003000 08:20 71425                      /usr/lib/x86_64-linux-gnu/libXdamage.so.1.1.0
7f4498054000-7f4498055000 r--p 00000000 08:20 28179                      /usr/lib/x86_64-linux-gnu/libXcomposite.so.1.0.0
7f4498055000-7f4498056000 r-xp 00001000 08:20 28179                      /usr/lib/x86_64-linux-gnu/libXcomposite.so.1.0.0
7f4498056000-7f4498057000 r--p 00002000 08:20 28179                      /usr/lib/x86_64-linux-gnu/libXcomposite.so.1.0.0
7f4498057000-7f4498058000 r--p 00002000 08:20 28179                      /usr/lib/x86_64-linux-gnu/libXcomposite.so.1.0.0
7f4498058000-7f4498059000 rw-p 00003000 08:20 28179                      /usr/lib/x86_64-linux-gnu/libXcomposite.so.1.0.0
7f4498059000-7f449805b000 r--p 00000000 08:20 34037                      /usr/lib/x86_64-linux-gnu/libXcursor.so.1.0.2
7f449805b000-7f4498061000 r-xp 00002000 08:20 34037                      /usr/lib/x86_64-linux-gnu/libXcursor.so.1.0.2
7f4498061000-7f4498063000 r--p 00008000 08:20 34037                      /usr/lib/x86_64-linux-gnu/libXcursor.so.1.0.2
7f4498063000-7f4498064000 r--p 00009000 08:20 34037                      /usr/lib/x86_64-linux-gnu/libXcursor.so.1.0.2
7f4498064000-7f4498065000 rw-p 0000a000 08:20 34037                      /usr/lib/x86_64-linux-gnu/libXcursor.so.1.0.2
7f4498065000-7f4498067000 r--p 00000000 08:20 34239                      /usr/lib/x86_64-linux-gnu/libXrandr.so.2.2.0
7f4498067000-7f449806e000 r-xp 00002000 08:20 34239                      /usr/lib/x86_64-linux-gnu/libXrandr.so.2.2.0
7f449806e000-7f4498070000 r--p 00009000 08:20 34239                      /usr/lib/x86_64-linux-gnu/libXrandr.so.2.2.0
7f4498070000-7f4498071000 r--p 0000a000 08:20 34239                      /usr/lib/x86_64-linux-gnu/libXrandr.so.2.2.0
7f4498071000-7f4498072000 rw-p 0000b000 08:20 34239                      /usr/lib/x86_64-linux-gnu/libXrandr.so.2.2.0
7f4498072000-7f4498075000 r--p 00000000 08:20 36601                      /usr/lib/x86_64-linux-gnu/libXi.so.6.1.0
7f4498075000-7f4498081000 r-xp 00003000 08:20 36601                      /usr/lib/x86_64-linux-gnu/libXi.so.6.1.0
7f4498081000-7f4498084000 r--p 0000f000 08:20 36601                      /usr/lib/x86_64-linux-gnu/libXi.so.6.1.0
7f4498084000-7f4498085000 r--p 00011000 08:20 36601                      /usr/lib/x86_64-linux-gnu/libXi.so.6.1.0
7f4498085000-7f4498086000 rw-p 00012000 08:20 36601                      /usr/lib/x86_64-linux-gnu/libXi.so.6.1.0
7f4498086000-7f449808d000 r--p 00000000 08:20 33861                      /usr/lib/x86_64-linux-gnu/libfontconfig.so.1.12.0
7f449808d000-7f44980b6000 r-xp 00007000 08:20 33861                      /usr/lib/x86_64-linux-gnu/libfontconfig.so.1.12.0
7f44980b6000-7f44980cc000 r--p 00030000 08:20 33861                      /usr/lib/x86_64-linux-gnu/libfontconfig.so.1.12.0
7f44980cc000-7f44980cd000 ---p 00046000 08:20 33861                      /usr/lib/x86_64-linux-gnu/libfontconfig.so.1.12.0
7f44980cd000-7f44980cf000 r--p 00046000 08:20 33861                      /usr/lib/x86_64-linux-gnu/libfontconfig.so.1.12.0
7f44980cf000-7f44980d0000 rw-p 00048000 08:20 33861                      /usr/lib/x86_64-linux-gnu/libfontconfig.so.1.12.0
7f44980d0000-7f44980df000 r--p 00000000 08:20 17671                      /usr/lib/x86_64-linux-gnu/libgobject-2.0.so.0.7200.4
7f44980df000-7f4498112000 r-xp 0000f000 08:20 17671                      /usr/lib/x86_64-linux-gnu/libgobject-2.0.so.0.7200.4
7f4498112000-7f449812c000 r--p 00042000 08:20 17671                      /usr/lib/x86_64-linux-gnu/libgobject-2.0.so.0.7200.4
7f449812c000-7f449812f000 r--p 0005b000 08:20 17671                      /usr/lib/x86_64-linux-gnu/libgobject-2.0.so.0.7200.4
7f449812f000-7f4498130000 rw-p 0005e000 08:20 17671                      /usr/lib/x86_64-linux-gnu/libgobject-2.0.so.0.7200.4
7f4498130000-7f4498142000 r--p 00000000 08:20 71384                      /usr/lib/x86_64-linux-gnu/libpango-1.0.so.0.5000.6
7f4498142000-7f4498177000 r-xp 00012000 08:20 71384                      /usr/lib/x86_64-linux-gnu/libpango-1.0.so.0.5000.6
7f4498177000-7f4498192000 r--p 00047000 08:20 71384                      /usr/lib/x86_64-linux-gnu/libpango-1.0.so.0.5000.6
7f4498192000-7f4498196000 r--p 00061000 08:20 71384                      /usr/lib/x86_64-linux-gnu/libpango-1.0.so.0.5000.6
7f4498196000-7f4498197000 rw-p 00065000 08:20 71384                      /usr/lib/x86_64-linux-gnu/libpango-1.0.so.0.5000.6
7f4498197000-7f449819e000 r--p 00000000 08:20 71400                      /usr/lib/x86_64-linux-gnu/libpangoft2-1.0.so.0.5000.6
7f449819e000-7f44981ab000 r-xp 00007000 08:20 71400                      /usr/lib/x86_64-linux-gnu/libpangoft2-1.0.so.0.5000.6
7f44981ab000-7f44981af000 r--p 00014000 08:20 71400                      /usr/lib/x86_64-linux-gnu/libpangoft2-1.0.so.0.5000.6
7f44981af000-7f44981b0000 ---p 00018000 08:20 71400                      /usr/lib/x86_64-linux-gnu/libpangoft2-1.0.so.0.5000.6
7f44981b0000-7f44981b1000 r--p 00018000 08:20 71400                      /usr/lib/x86_64-linux-gnu/libpangoft2-1.0.so.0.5000.6
7f44981b1000-7f44981b2000 rw-p 00019000 08:20 71400                      /usr/lib/x86_64-linux-gnu/libpangoft2-1.0.so.0.5000.6
7f44981b2000-7f44981ba000 r--p 00000000 08:20 38869                      /usr/lib/x86_64-linux-gnu/libgdk_pixbuf-2.0.so.0.4200.8
7f44981ba000-7f44981d5000 r-xp 00008000 08:20 38869                      /usr/lib/x86_64-linux-gnu/libgdk_pixbuf-2.0.so.0.4200.8
7f44981d5000-7f44981df000 r--p 00023000 08:20 38869                      /usr/lib/x86_64-linux-gnu/libgdk_pixbuf-2.0.so.0.4200.8
7f44981df000-7f44981e0000 ---p 0002d000 08:20 38869                      /usr/lib/x86_64-linux-gnu/libgdk_pixbuf-2.0.so.0.4200.8
7f44981e0000-7f44981e1000 r--p 0002d000 08:20 38869                      /usr/lib/x86_64-linux-gnu/libgdk_pixbuf-2.0.so.0.4200.8
7f44981e1000-7f44981e2000 rw-p 0002e000 08:20 38869                      /usr/lib/x86_64-linux-gnu/libgdk_pixbuf-2.0.so.0.4200.8
7f44981e2000-7f44981f4000 r--p 00000000 08:20 71292                      /usr/lib/x86_64-linux-gnu/libcairo.so.2.11600.0
7f44981f4000-7f44982c7000 r-xp 00012000 08:20 71292                      /usr/lib/x86_64-linux-gnu/libcairo.so.2.11600.0
7f44982c7000-7f4498304000 r--p 000e5000 08:20 71292                      /usr/lib/x86_64-linux-gnu/libcairo.so.2.11600.0
7f4498304000-7f4498308000 r--p 00121000 08:20 71292                      /usr/lib/x86_64-linux-gnu/libcairo.so.2.11600.0
7f4498308000-7f4498309000 rw-p 00125000 08:20 71292                      /usr/lib/x86_64-linux-gnu/libcairo.so.2.11600.0
7f4498309000-7f449830a000 rw-p 00000000 00:00 0 
7f449830a000-7f4498315000 r--p 00000000 08:20 25011                      /usr/lib/x86_64-linux-gnu/libatk-1.0.so.0.23609.1
7f4498315000-7f4498324000 r-xp 0000b000 08:20 25011                      /usr/lib/x86_64-linux-gnu/libatk-1.0.so.0.23609.1
7f4498324000-7f4498330000 r--p 0001a000 08:20 25011                      /usr/lib/x86_64-linux-gnu/libatk-1.0.so.0.23609.1
7f4498330000-7f4498333000 r--p 00025000 08:20 25011                      /usr/lib/x86_64-linux-gnu/libatk-1.0.so.0.23609.1
7f4498333000-7f4498334000 rw-p 00028000 08:20 25011                      /usr/lib/x86_64-linux-gnu/libatk-1.0.so.0.23609.1
7f4498402000-7f4498403000 r--p 00000000 08:20 34208                      /usr/lib/x86_64-linux-gnu/libXinerama.so.1.0.0
7f4498403000-7f4498404000 r-xp 00001000 08:20 34208                      /usr/lib/x86_64-linux-gnu/libXinerama.so.1.0.0
7f4498404000-7f4498405000 r--p 00002000 08:20 34208                      /usr/lib/x86_64-linux-gnu/libXinerama.so.1.0.0
7f4498405000-7f4498406000 r--p 00003000 08:20 34208                      /usr/lib/x86_64-linux-gnu/libXinerama.so.1.0.0
7f4498406000-7f4498407000 rw-p 00004000 08:20 34208                      /usr/lib/x86_64-linux-gnu/libXinerama.so.1.0.0
7f4498407000-7f4498423000 r--p 00000000 08:20 71459                      /usr/lib/x86_64-linux-gnu/libgdk-x11-2.0.so.0.2400.33
7f4498423000-7f4498488000 r-xp 0001c000 08:20 71459                      /usr/lib/x86_64-linux-gnu/libgdk-x11-2.0.so.0.2400.33
7f4498488000-7f44984c2000 r--p 00081000 08:20 71459                      /usr/lib/x86_64-linux-gnu/libgdk-x11-2.0.so.0.2400.33
7f44984c2000-7f44984c6000 r--p 000ba000 08:20 71459                      /usr/lib/x86_64-linux-gnu/libgdk-x11-2.0.so.0.2400.33
7f44984c6000-7f44984c8000 rw-p 000be000 08:20 71459                      /usr/lib/x86_64-linux-gnu/libgdk-x11-2.0.so.0.2400.33
7f44985c8000-7f44985c9000 rw-s 00000000 00:01 32788                      /SYSV00000000 (deleted)
7f44985c9000-7f44985ca000 rwxp 00000000 00:00 0 
7f44985cb000-7f44985cd000 r--p 00000000 08:20 34025                      /usr/lib/x86_64-linux-gnu/libXrender.so.1.3.0
7f44985cd000-7f44985d4000 r-xp 00002000 08:20 34025                      /usr/lib/x86_64-linux-gnu/libXrender.so.1.3.0
7f44985d4000-7f44985d6000 r--p 00009000 08:20 34025                      /usr/lib/x86_64-linux-gnu/libXrender.so.1.3.0
7f44985d6000-7f44985d7000 r--p 0000a000 08:20 34025                      /usr/lib/x86_64-linux-gnu/libXrender.so.1.3.0
7f44985d7000-7f44985d8000 rw-p 0000b000 08:20 34025                      /usr/lib/x86_64-linux-gnu/libXrender.so.1.3.0
7f44985d8000-7f44985dd000 r--p 00000000 08:20 71413                      /usr/lib/x86_64-linux-gnu/libpangocairo-1.0.so.0.5000.6
7f44985dd000-7f44985e5000 r-xp 00005000 08:20 71413                      /usr/lib/x86_64-linux-gnu/libpangocairo-1.0.so.0.5000.6
7f44985e5000-7f44985e7000 r--p 0000d000 08:20 71413                      /usr/lib/x86_64-linux-gnu/libpangocairo-1.0.so.0.5000.6
7f44985e7000-7f44985e8000 ---p 0000f000 08:20 71413                      /usr/lib/x86_64-linux-gnu/libpangocairo-1.0.so.0.5000.6
7f44985e8000-7f44985e9000 r--p 0000f000 08:20 71413                      /usr/lib/x86_64-linux-gnu/libpangocairo-1.0.so.0.5000.6
7f44985e9000-7f44985ea000 rw-p 00010000 08:20 71413                      /usr/lib/x86_64-linux-gnu/libpangocairo-1.0.so.0.5000.6
7f44985ea000-7f44985ec000 r--p 00000000 08:20 17640                      /usr/lib/x86_64-linux-gnu/libgmodule-2.0.so.0.7200.4
7f44985ec000-7f44985ee000 r-xp 00002000 08:20 17640                      /usr/lib/x86_64-linux-gnu/libgmodule-2.0.so.0.7200.4
7f44985ee000-7f44985ef000 r--p 00004000 08:20 17640                      /usr/lib/x86_64-linux-gnu/libgmodu